{"/home/csp/courses/ch017/artur_dolgii/js/script.js":{"path":"/home/csp/courses/ch017/artur_dolgii/js/script.js","s":{"1":1,"2":0,"3":0,"4":0,"5":0,"6":0,"7":0,"8":0,"9":0,"10":0,"11":0,"12":0,"13":0,"14":0,"15":0,"16":0,"17":0,"18":0,"19":0,"20":0,"21":0,"22":0,"23":0,"24":0,"25":0,"26":0,"27":0,"28":0,"29":0,"30":0,"31":0,"32":0,"33":0,"34":0,"35":0,"36":0,"37":0,"38":0,"39":0,"40":0,"41":0,"42":0,"43":0,"44":0,"45":0,"46":0,"47":0,"48":0,"49":0,"50":0,"51":0,"52":0,"53":0,"54":0,"55":0,"56":0,"57":0,"58":0,"59":0,"60":0,"61":0,"62":0,"63":0,"64":1,"65":0,"66":0},"b":{"1":[0,0],"2":[0,0],"3":[0,0],"4":[0,0],"5":[0,0],"6":[0,0]},"f":{"1":0,"2":0,"3":0,"4":0,"5":0,"6":0,"7":0,"8":0,"9":0,"10":0,"11":0,"12":0,"13":0},"fnMap":{"1":{"name":"controller","line":1,"loc":{"start":{"line":1,"column":-15},"end":{"line":1,"column":49}}},"2":{"name":"(anonymous_2)","line":2,"loc":{"start":{"line":2,"column":28},"end":{"line":2,"column":39}}},"3":{"name":"(anonymous_3)","line":12,"loc":{"start":{"line":12,"column":23},"end":{"line":12,"column":34}}},"4":{"name":"(anonymous_4)","line":36,"loc":{"start":{"line":36,"column":19},"end":{"line":36,"column":34}}},"5":{"name":"(anonymous_5)","line":40,"loc":{"start":{"line":40,"column":24},"end":{"line":40,"column":39}}},"6":{"name":"(anonymous_6)","line":46,"loc":{"start":{"line":46,"column":25},"end":{"line":46,"column":36}}},"7":{"name":"(anonymous_7)","line":50,"loc":{"start":{"line":50,"column":38},"end":{"line":50,"column":58}}},"8":{"name":"(anonymous_8)","line":58,"loc":{"start":{"line":58,"column":24},"end":{"line":58,"column":39}}},"9":{"name":"(anonymous_9)","line":70,"loc":{"start":{"line":70,"column":24},"end":{"line":70,"column":35}}},"10":{"name":"(anonymous_10)","line":86,"loc":{"start":{"line":86,"column":26},"end":{"line":86,"column":37}}},"11":{"name":"(anonymous_11)","line":94,"loc":{"start":{"line":94,"column":23},"end":{"line":94,"column":44}}},"12":{"name":"(anonymous_12)","line":105,"loc":{"start":{"line":105,"column":38},"end":{"line":105,"column":58}}},"13":{"name":"updateLocalStorageLists","line":114,"loc":{"start":{"line":114,"column":4},"end":{"line":114,"column":39}}}},"statementMap":{"1":{"start":{"line":1,"column":-15},"end":{"line":126,"column":1}},"2":{"start":{"line":2,"column":4},"end":{"line":12,"column":4}},"3":{"start":{"line":3,"column":8},"end":{"line":7,"column":9}},"4":{"start":{"line":4,"column":12},"end":{"line":4,"column":35}},"5":{"start":{"line":6,"column":12},"end":{"line":6,"column":60}},"6":{"start":{"line":9,"column":8},"end":{"line":9,"column":20}},"7":{"start":{"line":12,"column":4},"end":{"line":36,"column":4}},"8":{"start":{"line":13,"column":8},"end":{"line":13,"column":19}},"9":{"start":{"line":14,"column":8},"end":{"line":14,"column":29}},"10":{"start":{"line":15,"column":8},"end":{"line":15,"column":27}},"11":{"start":{"line":17,"column":8},"end":{"line":23,"column":9}},"12":{"start":{"line":18,"column":12},"end":{"line":18,"column":37}},"13":{"start":{"line":19,"column":12},"end":{"line":19,"column":34}},"14":{"start":{"line":21,"column":12},"end":{"line":21,"column":36}},"15":{"start":{"line":22,"column":12},"end":{"line":22,"column":35}},"16":{"start":{"line":25,"column":8},"end":{"line":30,"column":48}},"17":{"start":{"line":31,"column":8},"end":{"line":31,"column":34}},"18":{"start":{"line":32,"column":8},"end":{"line":32,"column":34}},"19":{"start":{"line":33,"column":8},"end":{"line":33,"column":30}},"20":{"start":{"line":36,"column":4},"end":{"line":38,"column":6}},"21":{"start":{"line":37,"column":8},"end":{"line":37,"column":51}},"22":{"start":{"line":40,"column":4},"end":{"line":44,"column":6}},"23":{"start":{"line":41,"column":8},"end":{"line":41,"column":48}},"24":{"start":{"line":42,"column":8},"end":{"line":42,"column":39}},"25":{"start":{"line":43,"column":8},"end":{"line":43,"column":34}},"26":{"start":{"line":46,"column":4},"end":{"line":58,"column":4}},"27":{"start":{"line":47,"column":8},"end":{"line":48,"column":92}},"28":{"start":{"line":50,"column":8},"end":{"line":53,"column":11}},"29":{"start":{"line":51,"column":12},"end":{"line":51,"column":75}},"30":{"start":{"line":52,"column":12},"end":{"line":52,"column":99}},"31":{"start":{"line":55,"column":8},"end":{"line":55,"column":20}},"32":{"start":{"line":58,"column":4},"end":{"line":70,"column":4}},"33":{"start":{"line":59,"column":8},"end":{"line":59,"column":41}},"34":{"start":{"line":60,"column":8},"end":{"line":60,"column":32}},"35":{"start":{"line":62,"column":8},"end":{"line":62,"column":34}},"36":{"start":{"line":63,"column":8},"end":{"line":63,"column":31}},"37":{"start":{"line":65,"column":8},"end":{"line":65,"column":65}},"38":{"start":{"line":67,"column":8},"end":{"line":67,"column":20}},"39":{"start":{"line":70,"column":4},"end":{"line":86,"column":4}},"40":{"start":{"line":71,"column":8},"end":{"line":73,"column":9}},"41":{"start":{"line":72,"column":12},"end":{"line":72,"column":58}},"42":{"start":{"line":75,"column":8},"end":{"line":79,"column":9}},"43":{"start":{"line":76,"column":12},"end":{"line":76,"column":37}},"44":{"start":{"line":78,"column":12},"end":{"line":78,"column":38}},"45":{"start":{"line":81,"column":8},"end":{"line":81,"column":44}},"46":{"start":{"line":83,"column":8},"end":{"line":83,"column":20}},"47":{"start":{"line":86,"column":4},"end":{"line":94,"column":4}},"48":{"start":{"line":87,"column":8},"end":{"line":87,"column":73}},"49":{"start":{"line":89,"column":8},"end":{"line":89,"column":44}},"50":{"start":{"line":91,"column":8},"end":{"line":91,"column":20}},"51":{"start":{"line":94,"column":4},"end":{"line":114,"column":4}},"52":{"start":{"line":95,"column":8},"end":{"line":103,"column":9}},"53":{"start":{"line":96,"column":12},"end":{"line":96,"column":37}},"54":{"start":{"line":97,"column":12},"end":{"line":97,"column":34}},"55":{"start":{"line":98,"column":12},"end":{"line":98,"column":61}},"56":{"start":{"line":100,"column":12},"end":{"line":100,"column":36}},"57":{"start":{"line":101,"column":12},"end":{"line":101,"column":35}},"58":{"start":{"line":102,"column":12},"end":{"line":102,"column":60}},"59":{"start":{"line":105,"column":8},"end":{"line":111,"column":11}},"60":{"start":{"line":106,"column":12},"end":{"line":106,"column":60}},"61":{"start":{"line":107,"column":12},"end":{"line":107,"column":56}},"62":{"start":{"line":108,"column":12},"end":{"line":110,"column":13}},"63":{"start":{"line":109,"column":16},"end":{"line":109,"column":58}},"64":{"start":{"line":114,"column":4},"end":{"line":116,"column":5}},"65":{"start":{"line":115,"column":8},"end":{"line":115,"column":55}},"66":{"start":{"line":118,"column":4},"end":{"line":125,"column":6}}},"branchMap":{"1":{"line":3,"type":"if","locations":[{"start":{"line":3,"column":8},"end":{"line":3,"column":8}},{"start":{"line":3,"column":8},"end":{"line":3,"column":8}}]},"2":{"line":17,"type":"if","locations":[{"start":{"line":17,"column":8},"end":{"line":17,"column":8}},{"start":{"line":17,"column":8},"end":{"line":17,"column":8}}]},"3":{"line":71,"type":"if","locations":[{"start":{"line":71,"column":8},"end":{"line":71,"column":8}},{"start":{"line":71,"column":8},"end":{"line":71,"column":8}}]},"4":{"line":75,"type":"if","locations":[{"start":{"line":75,"column":8},"end":{"line":75,"column":8}},{"start":{"line":75,"column":8},"end":{"line":75,"column":8}}]},"5":{"line":95,"type":"if","locations":[{"start":{"line":95,"column":8},"end":{"line":95,"column":8}},{"start":{"line":95,"column":8},"end":{"line":95,"column":8}}]},"6":{"line":108,"type":"if","locations":[{"start":{"line":108,"column":12},"end":{"line":108,"column":12}},{"start":{"line":108,"column":12},"end":{"line":108,"column":12}}]}}}}