TN:
SF:/home/csp/courses/ch017/artur_dolgii/js/script.js
FN:1,controller
FN:2,(anonymous_2)
FN:12,(anonymous_3)
FN:36,(anonymous_4)
FN:40,(anonymous_5)
FN:46,(anonymous_6)
FN:50,(anonymous_7)
FN:58,(anonymous_8)
FN:70,(anonymous_9)
FN:86,(anonymous_10)
FN:94,(anonymous_11)
FN:105,(anonymous_12)
FN:114,updateLocalStorageLists
FNF:13
FNH:0
FNDA:0,controller
FNDA:0,(anonymous_2)
FNDA:0,(anonymous_3)
FNDA:0,(anonymous_4)
FNDA:0,(anonymous_5)
FNDA:0,(anonymous_6)
FNDA:0,(anonymous_7)
FNDA:0,(anonymous_8)
FNDA:0,(anonymous_9)
FNDA:0,(anonymous_10)
FNDA:0,(anonymous_11)
FNDA:0,(anonymous_12)
FNDA:0,updateLocalStorageLists
DA:1,1
DA:2,0
DA:3,0
DA:4,0
DA:6,0
DA:9,0
DA:12,0
DA:13,0
DA:14,0
DA:15,0
DA:17,0
DA:18,0
DA:19,0
DA:21,0
DA:22,0
DA:25,0
DA:31,0
DA:32,0
DA:33,0
DA:36,0
DA:37,0
DA:40,0
DA:41,0
DA:42,0
DA:43,0
DA:46,0
DA:47,0
DA:50,0
DA:51,0
DA:52,0
DA:55,0
DA:58,0
DA:59,0
DA:60,0
DA:62,0
DA:63,0
DA:65,0
DA:67,0
DA:70,0
DA:71,0
DA:72,0
DA:75,0
DA:76,0
DA:78,0
DA:81,0
DA:83,0
DA:86,0
DA:87,0
DA:89,0
DA:91,0
DA:94,0
DA:95,0
DA:96,0
DA:97,0
DA:98,0
DA:100,0
DA:101,0
DA:102,0
DA:105,0
DA:106,0
DA:107,0
DA:108,0
DA:109,0
DA:114,1
DA:115,0
DA:118,0
LF:66
LH:2
BRDA:3,1,0,0
BRDA:3,1,1,0
BRDA:17,2,0,0
BRDA:17,2,1,0
BRDA:71,3,0,0
BRDA:71,3,1,0
BRDA:75,4,0,0
BRDA:75,4,1,0
BRDA:95,5,0,0
BRDA:95,5,1,0
BRDA:108,6,0,0
BRDA:108,6,1,0
BRF:12
BRH:0
end_of_record
